2025-09-22 15:42:56, MOVE, v:1, k:toalha, mode:PICK
2025-09-22 15:42:58, EXEC, v:1, k:toalha, mode:LOCK, rate:0, size:25
2025-09-22 15:46:24, EXEC, v:1, k:toalha, mode:LOCK, rate:0, size:32
2025-09-22 16:01:04, EXEC, v:1, k:toalha, mode:LOCK, rate:0, size:41
2025-09-22 16:01:05, EXEC, v:1, k:toalha, mode:LOCK, rate:0
2025-09-22 16:01:05, EXEC, v:1, k:toalha, mode:LOCK, rate:0
2025-09-22 16:01:06, EXEC, v:1, k:toalha, mode:LOCK, rate:0
2025-09-22 16:01:08, EXEC, v:1, k:toalha, mode:FREE
2025-09-22 16:03:37, EXEC, v:1, k:toalha, mode:LOCK, rate:0
2025-09-22 16:13:06, MOVE, v:1, k:toalha, mode:PICK
2025-09-22 16:13:07, EXEC, v:1, k:toalha, mode:LOCK, rate:0, size:41
2025-09-22 16:14:04, EXEC, v:1, k:toalha, mode:LOCK, rate:0
2025-09-22 16:15:02, EXEC, v:1, k:toalha, mode:LOCK, rate:0
2025-09-22 16:15:04, EXEC, v:1, k:toalha, mode:LOCK, rate:0
2025-09-22 16:15:04, EXEC, v:1, k:toalha, mode:LOCK, rate:0
2025-09-22 16:15:04, EXEC, v:1, k:toalha, mode:LOCK, rate:0
2025-09-22 16:15:06, MOVE, v:1, k:toalha, mode:BACK
2025-09-22 16:15:30, MOVE, v:1, k:toalha, mode:PICK
2025-09-22 16:15:31, EXEC, v:1, k:toalha, mode:LOCK, rate:0
2025-09-22 16:20:55, MOVE, v:1, k:toalha, mode:PICK
2025-09-22 16:20:56, EXEC, v:1, k:toalha, mode:LOCK, rate:0
2025-09-22 16:23:39, EXEC, v:1, k:toalha, mode:LOCK, rate:0, size:49
2025-09-22 16:28:43, EXEC, v:1, k:toalha, mode:LOCK, rate:0, size:59
2025-09-22 16:28:58, EXEC, v:1, k:toalha, mode:FREE
2025-09-22 16:31:28, EXEC, v:1, k:toalha, mode:FREE, size:65
2025-09-22 16:37:02, EXEC, v:1, k:toalha, mode:FREE, size:68
2025-09-22 16:38:57, EXEC, v:1, k:toalha, mode:FREE, size:68
2025-09-22 17:10:44, MOVE, v:1, k:toalha, mode:BACK
2025-09-22 17:10:49, MOVE, v:1, k:enxugar, mode:DOWN
2025-09-22 17:10:52, MOVE, v:1, k:enxugar, mode:PICK
2025-09-22 17:12:38, MOVE, v:1, k:enxugar, mode:PICK
