2025-09-29 10:11:49, MOVE, v:1, k:animal, mode:PICK
2025-09-29 10:11:52, EXEC, v:1, k:animal, mode:FULL, rate:25, size:44
2025-09-29 10:14:45, EXEC, v:1, k:animal, mode:FULL, rate:25, size:47
2025-09-29 10:14:50, EXEC, v:1, k:animal, mode:FULL, rate:25
2025-09-29 10:16:39, EXEC, v:1, k:animal, mode:FULL, rate:25
2025-09-29 10:17:03, EXEC, v:1, k:animal, mode:FULL, rate:25, size:47
2025-09-29 10:17:52, EXEC, v:1, k:animal, mode:FULL, rate:100, size:48
2025-09-29 10:18:48, EXEC, v:1, k:animal, mode:FULL, rate:100, size:52
2025-09-29 10:19:33, EXEC, v:1, k:animal, mode:FULL, rate:100
2025-09-29 10:19:44, MOVE, v:1, k:animal, mode:BACK
2025-09-29 10:25:18, SELF, v:1, k:animal, rate:100, human:s, iagen:s, guide:s, alone:7, study:100
2025-09-29 15:51:38, MOVE, v:1, k:carro, mode:DOWN
2025-09-29 16:16:44, MOVE, v:1, k:carro, mode:PICK
2025-09-29 16:16:47, EXEC, v:1, k:carro, mode:FULL, rate:0, size:23
2025-09-29 16:20:15, EXEC, v:1, k:carro, mode:FULL, rate:0, size:29
2025-09-29 16:20:18, EXEC, v:1, k:carro, mode:FREE
2025-09-29 16:50:05, EXEC, v:1, k:carro, mode:FULL, rate:0, size:54
2025-09-29 17:02:15, EXEC, v:1, k:carro, mode:FULL, rate:0, size:74
2025-09-29 17:02:17, EXEC, v:1, k:carro, mode:FULL, rate:0
2025-09-29 17:02:17, EXEC, v:1, k:carro, mode:FULL, rate:0
2025-09-29 17:02:17, EXEC, v:1, k:carro, mode:FULL, rate:0
2025-09-29 17:02:18, EXEC, v:1, k:carro, mode:FULL, rate:0
2025-09-29 17:05:27, EXEC, v:1, k:carro, mode:FULL, rate:0, size:79
2025-09-29 17:05:28, EXEC, v:1, k:carro, mode:FULL, rate:0
2025-09-29 17:05:28, EXEC, v:1, k:carro, mode:FULL, rate:0
2025-09-29 17:05:29, EXEC, v:1, k:carro, mode:FULL, rate:0
2025-09-29 17:05:34, MOVE, v:1, k:carro, mode:BACK
2025-09-29 17:05:35, MOVE, v:1, k:carro, mode:PICK
2025-09-29 17:05:37, EXEC, v:1, k:carro, mode:FULL, rate:0
2025-09-29 17:08:48, EXEC, v:1, k:carro, mode:FULL, rate:0, size:80
2025-09-29 17:08:50, EXEC, v:1, k:carro, mode:FULL, rate:0
2025-09-29 17:11:15, EXEC, v:1, k:carro, mode:FULL, rate:10, size:80
2025-09-29 17:12:28, MOVE, v:1, k:carro, mode:PICK
2025-09-29 17:13:01, MOVE, v:1, k:carro, mode:PICK
2025-09-29 17:14:25, MOVE, v:1, k:carro, mode:PICK
2025-09-29 17:16:58, MOVE, v:1, k:carro, mode:PICK
2025-09-29 17:17:00, EXEC, v:1, k:carro, mode:FULL, rate:80, size:78
2025-09-29 17:19:30, EXEC, v:1, k:carro, mode:FULL, rate:70, size:80
